0 info it worked if it ends with ok
1 verbose cli [ '/usr/local/bin/node', '/usr/local/bin/npm', 'start' ]
2 info using npm@3.3.6
3 info using node@v5.0.0
4 verbose run-script [ 'prestart', 'start', 'poststart' ]
5 info lifecycle conf-gen-div@0.0.0~prestart: conf-gen-div@0.0.0
6 verbose lifecycle conf-gen-div@0.0.0~prestart: unsafe-perm in lifecycle true
7 verbose lifecycle conf-gen-div@0.0.0~prestart: PATH: /usr/local/lib/node_modules/npm/bin/node-gyp-bin:/Users/amarks/Code/angular/conf-gen-div/node_modules/.bin:/Users/amarks/.rbenv/shims:/Users/amarks/.rbenv/bin:/Applications/gradle-2.2.1/bin:/Users/amarks/Code/gopath/bin:/usr/local/Cellar/boot2docker/0.9.1/bin/boot2docker:/usr/local/go/bin:/usr/local/sbin:/usr/local/bin:/usr/local/bin:/usr/local/sbin:/usr/bin:/bin:/usr/sbin:/sbin:/usr/local/git/bin:/usr/local/go/bin:/Users/amarks/.rvm/bin:/Users/amarks/.rvm/bin
8 verbose lifecycle conf-gen-div@0.0.0~prestart: CWD: /Users/amarks/Code/angular/conf-gen-div
9 silly lifecycle conf-gen-div@0.0.0~prestart: Args: [ '-c', 'npm install' ]
10 silly lifecycle conf-gen-div@0.0.0~prestart: Returned: code: 0  signal: null
11 info lifecycle conf-gen-div@0.0.0~start: conf-gen-div@0.0.0
12 verbose lifecycle conf-gen-div@0.0.0~start: unsafe-perm in lifecycle true
13 verbose lifecycle conf-gen-div@0.0.0~start: PATH: /usr/local/lib/node_modules/npm/bin/node-gyp-bin:/Users/amarks/Code/angular/conf-gen-div/node_modules/.bin:/Users/amarks/.rbenv/shims:/Users/amarks/.rbenv/bin:/Applications/gradle-2.2.1/bin:/Users/amarks/Code/gopath/bin:/usr/local/Cellar/boot2docker/0.9.1/bin/boot2docker:/usr/local/go/bin:/usr/local/sbin:/usr/local/bin:/usr/local/bin:/usr/local/sbin:/usr/bin:/bin:/usr/sbin:/sbin:/usr/local/git/bin:/usr/local/go/bin:/Users/amarks/.rvm/bin:/Users/amarks/.rvm/bin
14 verbose lifecycle conf-gen-div@0.0.0~start: CWD: /Users/amarks/Code/angular/conf-gen-div
15 silly lifecycle conf-gen-div@0.0.0~start: Args: [ '-c', 'http-server -a 0.0.0.0 -p ($PORT || 5000)' ]
16 silly lifecycle conf-gen-div@0.0.0~start: Returned: code: 2  signal: null
17 info lifecycle conf-gen-div@0.0.0~start: Failed to exec start script
18 verbose stack Error: conf-gen-div@0.0.0 start: `http-server -a 0.0.0.0 -p ($PORT || 5000)`
18 verbose stack Exit status 2
18 verbose stack     at EventEmitter.<anonymous> (/usr/local/lib/node_modules/npm/lib/utils/lifecycle.js:233:16)
18 verbose stack     at emitTwo (events.js:87:13)
18 verbose stack     at EventEmitter.emit (events.js:172:7)
18 verbose stack     at ChildProcess.<anonymous> (/usr/local/lib/node_modules/npm/lib/utils/spawn.js:24:14)
18 verbose stack     at emitTwo (events.js:87:13)
18 verbose stack     at ChildProcess.emit (events.js:172:7)
18 verbose stack     at maybeClose (internal/child_process.js:818:16)
18 verbose stack     at Process.ChildProcess._handle.onexit (internal/child_process.js:211:5)
19 verbose pkgid conf-gen-div@0.0.0
20 verbose cwd /Users/amarks/Code/angular/conf-gen-div
21 error Darwin 15.0.0
22 error argv "/usr/local/bin/node" "/usr/local/bin/npm" "start"
23 error node v5.0.0
24 error npm  v3.3.6
25 error code ELIFECYCLE
26 error conf-gen-div@0.0.0 start: `http-server -a 0.0.0.0 -p ($PORT || 5000)`
26 error Exit status 2
27 error Failed at the conf-gen-div@0.0.0 start script 'http-server -a 0.0.0.0 -p ($PORT || 5000)'.
27 error This is most likely a problem with the conf-gen-div package,
27 error not with npm itself.
27 error Tell the author that this fails on your system:
27 error     http-server -a 0.0.0.0 -p ($PORT || 5000)
27 error You can get their info via:
27 error     npm owner ls conf-gen-div
27 error There is likely additional logging output above.
28 verbose exit [ 1, true ]
